[2023-11-21 10:03:53] local.ERROR: No application encryption key has been specified. {"exception":"[object] (RuntimeException(code: 0): No application encryption key has been specified. at D:\\ERP Diana Vicka\\LaraPOS\\vendor\\laravel\\framework\\src\\Illuminate\\Encryption\\EncryptionServiceProvider.php:80)
[stacktrace]
#0 D:\\ERP Diana Vicka\\LaraPOS\\vendor\\laravel\\framework\\src\\Illuminate\\Support\\helpers.php(433): Illuminate\\Encryption\\EncryptionServiceProvider->Illuminate\\Encryption\\{closure}('')
#1 D:\\ERP Diana Vicka\\LaraPOS\\vendor\\laravel\\framework\\src\\Illuminate\\Encryption\\EncryptionServiceProvider.php(84): tap('', Object(Closure))
#2 D:\\ERP Diana Vicka\\LaraPOS\\vendor\\laravel\\framework\\src\\Illuminate\\Encryption\\EncryptionServiceProvider.php(61): Illuminate\\Encryption\\EncryptionServiceProvider->key(Array)
#3 D:\\ERP Diana Vicka\\LaraPOS\\vendor\\laravel\\framework\\src\\Illuminate\\Encryption\\EncryptionServiceProvider.php(33): Illuminate\\Encryption\\EncryptionServiceProvider->parseKey(Array)
#4 D:\\ERP Diana Vicka\\LaraPOS\\vendor\\laravel\\framework\\src\\Illuminate\\Container\\Container.php(805): Illuminate\\Encryption\\EncryptionServiceProvider->Illuminate\\Encryption\\{closure}(Object(Illuminate\\Foundation\\Application), Array)
#5 D:\\ERP Diana Vicka\\LaraPOS\\vendor\\laravel\\framework\\src\\Illuminate\\Container\\Container.php(691): Illuminate\\Container\\Container->build(Object(Closure))
#6 D:\\ERP Diana Vicka\\LaraPOS\\vendor\\laravel\\framework\\src\\Illuminate\\Foundation\\Application.php(796): Illuminate\\Container\\Container->resolve('encrypter', Array, true)
#7 D:\\ERP Diana Vicka\\LaraPOS\\vendor\\laravel\\framework\\src\\Illuminate\\Container\\Container.php(637): Illuminate\\Foundation\\Application->resolve('encrypter', Array)
#8 D:\\ERP Diana Vicka\\LaraPOS\\vendor\\laravel\\framework\\src\\Illuminate\\Foundation\\Application.php(781): Illuminate\\Container\\Container->make('encrypter', Array)
#9 D:\\ERP Diana Vicka\\LaraPOS\\vendor\\laravel\\framework\\src\\Illuminate\\Container\\Container.php(959): Illuminate\\Foundation\\Application->make('encrypter')
#10 D:\\ERP Diana Vicka\\LaraPOS\\vendor\\laravel\\framework\\src\\Illuminate\\Container\\Container.php(879): Illuminate\\Container\\Container->resolveClass(Object(ReflectionParameter))
#11 D:\\ERP Diana Vicka\\LaraPOS\\vendor\\laravel\\framework\\src\\Illuminate\\Container\\Container.php(840): Illuminate\\Container\\Container->resolveDependencies(Array)
#12 D:\\ERP Diana Vicka\\LaraPOS\\vendor\\laravel\\framework\\src\\Illuminate\\Container\\Container.php(691): Illuminate\\Container\\Container->build('App\\\\Http\\\\Middle...')
#13 D:\\ERP Diana Vicka\\LaraPOS\\vendor\\laravel\\framework\\src\\Illuminate\\Foundation\\Application.php(796): Illuminate\\Container\\Container->resolve('App\\\\Http\\\\Middle...', Array, true)
#14 D:\\ERP Diana Vicka\\LaraPOS\\vendor\\laravel\\framework\\src\\Illuminate\\Container\\Container.php(637): Illuminate\\Foundation\\Application->resolve('App\\\\Http\\\\Middle...', Array)
#15 D:\\ERP Diana Vicka\\LaraPOS\\vendor\\laravel\\framework\\src\\Illuminate\\Foundation\\Application.php(781): Illuminate\\Container\\Container->make('App\\\\Http\\\\Middle...', Array)
#16 D:\\ERP Diana Vicka\\LaraPOS\\vendor\\laravel\\framework\\src\\Illuminate\\Pipeline\\Pipeline.php(156): Illuminate\\Foundation\\Application->make('App\\\\Http\\\\Middle...')
#17 D:\\ERP Diana Vicka\\LaraPOS\\vendor\\laravel\\framework\\src\\Illuminate\\Pipeline\\Pipeline.php(103): Illuminate\\Pipeline\\Pipeline->Illuminate\\Pipeline\\{closure}(Object(Illuminate\\Http\\Request))
#18 D:\\ERP Diana Vicka\\LaraPOS\\vendor\\laravel\\framework\\src\\Illuminate\\Routing\\Router.php(687): Illuminate\\Pipeline\\Pipeline->then(Object(Closure))
#19 D:\\ERP Diana Vicka\\LaraPOS\\vendor\\laravel\\framework\\src\\Illuminate\\Routing\\Router.php(662): Illuminate\\Routing\\Router->runRouteWithinStack(Object(Illuminate\\Routing\\Route), Object(Illuminate\\Http\\Request))
#20 D:\\ERP Diana Vicka\\LaraPOS\\vendor\\laravel\\framework\\src\\Illuminate\\Routing\\Router.php(628): Illuminate\\Routing\\Router->runRoute(Object(Illuminate\\Http\\Request), Object(Illuminate\\Routing\\Route))
#21 D:\\ERP Diana Vicka\\LaraPOS\\vendor\\laravel\\framework\\src\\Illuminate\\Routing\\Router.php(617): Illuminate\\Routing\\Router->dispatchToRoute(Object(Illuminate\\Http\\Request))
#22 D:\\ERP Diana Vicka\\LaraPOS\\vendor\\laravel\\framework\\src\\Illuminate\\Foundation\\Http\\Kernel.php(165): Illuminate\\Routing\\Router->dispatch(Object(Illuminate\\Http\\Request))
#23 D:\\ERP Diana Vicka\\LaraPOS\\vendor\\laravel\\framework\\src\\Illuminate\\Pipeline\\Pipeline.php(128): Illuminate\\Foundation\\Http\\Kernel->Illuminate\\Foundation\\Http\\{closure}(Object(Illuminate\\Http\\Request))
#24 D:\\ERP Diana Vicka\\LaraPOS\\vendor\\laravel\\framework\\src\\Illuminate\\Foundation\\Http\\Middleware\\TransformsRequest.php(21): Illuminate\\Pipeline\\Pipeline->Illuminate\\Pipeline\\{closure}(Object(Illuminate\\Http\\Request))
#25 D:\\ERP Diana Vicka\\LaraPOS\\vendor\\laravel\\framework\\src\\Illuminate\\Pipeline\\Pipeline.php(167): Illuminate\\Foundation\\Http\\Middleware\\TransformsRequest->handle(Object(Illuminate\\Http\\Request), Object(Closure))
#26 D:\\ERP Diana Vicka\\LaraPOS\\vendor\\laravel\\framework\\src\\Illuminate\\Foundation\\Http\\Middleware\\TransformsRequest.php(21): Illuminate\\Pipeline\\Pipeline->Illuminate\\Pipeline\\{closure}(Object(Illuminate\\Http\\Request))
#27 D:\\ERP Diana Vicka\\LaraPOS\\vendor\\laravel\\framework\\src\\Illuminate\\Pipeline\\Pipeline.php(167): Illuminate\\Foundation\\Http\\Middleware\\TransformsRequest->handle(Object(Illuminate\\Http\\Request), Object(Closure))
#28 D:\\ERP Diana Vicka\\LaraPOS\\vendor\\laravel\\framework\\src\\Illuminate\\Foundation\\Http\\Middleware\\ValidatePostSize.php(27): Illuminate\\Pipeline\\Pipeline->Illuminate\\Pipeline\\{closure}(Object(Illuminate\\Http\\Request))
#29 D:\\ERP Diana Vicka\\LaraPOS\\vendor\\laravel\\framework\\src\\Illuminate\\Pipeline\\Pipeline.php(167): Illuminate\\Foundation\\Http\\Middleware\\ValidatePostSize->handle(Object(Illuminate\\Http\\Request), Object(Closure))
#30 D:\\ERP Diana Vicka\\LaraPOS\\vendor\\laravel\\framework\\src\\Illuminate\\Foundation\\Http\\Middleware\\CheckForMaintenanceMode.php(63): Illuminate\\Pipeline\\Pipeline->Illuminate\\Pipeline\\{closure}(Object(Illuminate\\Http\\Request))
#31 D:\\ERP Diana Vicka\\LaraPOS\\vendor\\laravel\\framework\\src\\Illuminate\\Pipeline\\Pipeline.php(167): Illuminate\\Foundation\\Http\\Middleware\\CheckForMaintenanceMode->handle(Object(Illuminate\\Http\\Request), Object(Closure))
#32 D:\\ERP Diana Vicka\\LaraPOS\\vendor\\fruitcake\\laravel-cors\\src\\HandleCors.php(37): Illuminate\\Pipeline\\Pipeline->Illuminate\\Pipeline\\{closure}(Object(Illuminate\\Http\\Request))
#33 D:\\ERP Diana Vicka\\LaraPOS\\vendor\\laravel\\framework\\src\\Illuminate\\Pipeline\\Pipeline.php(167): Fruitcake\\Cors\\HandleCors->handle(Object(Illuminate\\Http\\Request), Object(Closure))
#34 D:\\ERP Diana Vicka\\LaraPOS\\vendor\\fideloper\\proxy\\src\\TrustProxies.php(57): Illuminate\\Pipeline\\Pipeline->Illuminate\\Pipeline\\{closure}(Object(Illuminate\\Http\\Request))
#35 D:\\ERP Diana Vicka\\LaraPOS\\vendor\\laravel\\framework\\src\\Illuminate\\Pipeline\\Pipeline.php(167): Fideloper\\Proxy\\TrustProxies->handle(Object(Illuminate\\Http\\Request), Object(Closure))
#36 D:\\ERP Diana Vicka\\LaraPOS\\vendor\\laravel\\framework\\src\\Illuminate\\Pipeline\\Pipeline.php(103): Illuminate\\Pipeline\\Pipeline->Illuminate\\Pipeline\\{closure}(Object(Illuminate\\Http\\Request))
#37 D:\\ERP Diana Vicka\\LaraPOS\\vendor\\laravel\\framework\\src\\Illuminate\\Foundation\\Http\\Kernel.php(140): Illuminate\\Pipeline\\Pipeline->then(Object(Closure))
#38 D:\\ERP Diana Vicka\\LaraPOS\\vendor\\laravel\\framework\\src\\Illuminate\\Foundation\\Http\\Kernel.php(109): Illuminate\\Foundation\\Http\\Kernel->sendRequestThroughRouter(Object(Illuminate\\Http\\Request))
#39 D:\\ERP Diana Vicka\\LaraPOS\\public\\index.php(55): Illuminate\\Foundation\\Http\\Kernel->handle(Object(Illuminate\\Http\\Request))
#40 D:\\ERP Diana Vicka\\LaraPOS\\server.php(21): require_once('D:\\\\ERP Diana Vi...')
#41 {main}
"} 
[2023-11-21 10:03:53] local.ERROR: No application encryption key has been specified. {"exception":"[object] (RuntimeException(code: 0): No application encryption key has been specified. at D:\\ERP Diana Vicka\\LaraPOS\\vendor\\laravel\\framework\\src\\Illuminate\\Encryption\\EncryptionServiceProvider.php:80)
[stacktrace]
#0 D:\\ERP Diana Vicka\\LaraPOS\\vendor\\laravel\\framework\\src\\Illuminate\\Support\\helpers.php(433): Illuminate\\Encryption\\EncryptionServiceProvider->Illuminate\\Encryption\\{closure}('')
#1 D:\\ERP Diana Vicka\\LaraPOS\\vendor\\laravel\\framework\\src\\Illuminate\\Encryption\\EncryptionServiceProvider.php(84): tap('', Object(Closure))
#2 D:\\ERP Diana Vicka\\LaraPOS\\vendor\\laravel\\framework\\src\\Illuminate\\Encryption\\EncryptionServiceProvider.php(61): Illuminate\\Encryption\\EncryptionServiceProvider->key(Array)
#3 D:\\ERP Diana Vicka\\LaraPOS\\vendor\\laravel\\framework\\src\\Illuminate\\Encryption\\EncryptionServiceProvider.php(33): Illuminate\\Encryption\\EncryptionServiceProvider->parseKey(Array)
#4 D:\\ERP Diana Vicka\\LaraPOS\\vendor\\laravel\\framework\\src\\Illuminate\\Container\\Container.php(805): Illuminate\\Encryption\\EncryptionServiceProvider->Illuminate\\Encryption\\{closure}(Object(Illuminate\\Foundation\\Application), Array)
#5 D:\\ERP Diana Vicka\\LaraPOS\\vendor\\laravel\\framework\\src\\Illuminate\\Container\\Container.php(691): Illuminate\\Container\\Container->build(Object(Closure))
#6 D:\\ERP Diana Vicka\\LaraPOS\\vendor\\laravel\\framework\\src\\Illuminate\\Foundation\\Application.php(796): Illuminate\\Container\\Container->resolve('encrypter', Array, true)
#7 D:\\ERP Diana Vicka\\LaraPOS\\vendor\\laravel\\framework\\src\\Illuminate\\Container\\Container.php(637): Illuminate\\Foundation\\Application->resolve('encrypter', Array)
#8 D:\\ERP Diana Vicka\\LaraPOS\\vendor\\laravel\\framework\\src\\Illuminate\\Foundation\\Application.php(781): Illuminate\\Container\\Container->make('encrypter', Array)
#9 D:\\ERP Diana Vicka\\LaraPOS\\vendor\\laravel\\framework\\src\\Illuminate\\Container\\Container.php(959): Illuminate\\Foundation\\Application->make('encrypter')
#10 D:\\ERP Diana Vicka\\LaraPOS\\vendor\\laravel\\framework\\src\\Illuminate\\Container\\Container.php(879): Illuminate\\Container\\Container->resolveClass(Object(ReflectionParameter))
#11 D:\\ERP Diana Vicka\\LaraPOS\\vendor\\laravel\\framework\\src\\Illuminate\\Container\\Container.php(840): Illuminate\\Container\\Container->resolveDependencies(Array)
#12 D:\\ERP Diana Vicka\\LaraPOS\\vendor\\laravel\\framework\\src\\Illuminate\\Container\\Container.php(691): Illuminate\\Container\\Container->build('App\\\\Http\\\\Middle...')
#13 D:\\ERP Diana Vicka\\LaraPOS\\vendor\\laravel\\framework\\src\\Illuminate\\Foundation\\Application.php(796): Illuminate\\Container\\Container->resolve('App\\\\Http\\\\Middle...', Array, true)
#14 D:\\ERP Diana Vicka\\LaraPOS\\vendor\\laravel\\framework\\src\\Illuminate\\Container\\Container.php(637): Illuminate\\Foundation\\Application->resolve('App\\\\Http\\\\Middle...', Array)
#15 D:\\ERP Diana Vicka\\LaraPOS\\vendor\\laravel\\framework\\src\\Illuminate\\Foundation\\Application.php(781): Illuminate\\Container\\Container->make('App\\\\Http\\\\Middle...', Array)
#16 D:\\ERP Diana Vicka\\LaraPOS\\vendor\\laravel\\framework\\src\\Illuminate\\Foundation\\Http\\Kernel.php(204): Illuminate\\Foundation\\Application->make('App\\\\Http\\\\Middle...')
#17 D:\\ERP Diana Vicka\\LaraPOS\\vendor\\laravel\\framework\\src\\Illuminate\\Foundation\\Http\\Kernel.php(178): Illuminate\\Foundation\\Http\\Kernel->terminateMiddleware(Object(Illuminate\\Http\\Request), Object(Illuminate\\Http\\Response))
#18 D:\\ERP Diana Vicka\\LaraPOS\\public\\index.php(60): Illuminate\\Foundation\\Http\\Kernel->terminate(Object(Illuminate\\Http\\Request), Object(Illuminate\\Http\\Response))
#19 D:\\ERP Diana Vicka\\LaraPOS\\server.php(21): require_once('D:\\\\ERP Diana Vi...')
#20 {main}
"} 
